<?xml version="1.0" encoding="UTF-8"?>
<!-- Generated by org.testng.reporters.JUnitReportReporter -->
<testsuite hostname="DESKTOP-PEFDB2S" failures="0" tests="9" name="TestPack.Verifyroomspage2" time="-4999585792.000" errors="3" timestamp="2022-10-23T18:05:28 IST" skipped="6">
  <testcase classname="TestPack.Verifyroomspage2" name="launchBrowser" time="-1666528512.000">
    <error message="
Parameter &#039;Browser&#039; is required by BeforeTest on method launchBrowser but has not been marked @Optional or defined
in C:\Javafullcourse\Maven-02-July\regressionSuit.xml" type="org.testng.TestNGException">
      <![CDATA[org.testng.TestNGException: 
Parameter 'Browser' is required by BeforeTest on method launchBrowser but has not been marked @Optional or defined
in C:\Javafullcourse\Maven-02-July\regressionSuit.xml
at org.testng.internal.Parameters.createParams(Parameters.java:270)
at org.testng.internal.Parameters.createParametersForMethod(Parameters.java:358)
at org.testng.internal.Parameters.createParameters(Parameters.java:700)
at org.testng.internal.Parameters.createConfigurationParameters(Parameters.java:168)
at org.testng.internal.ConfigInvoker.invokeConfigurations(ConfigInvoker.java:302)
at org.testng.TestRunner.invokeTestConfigurations(TestRunner.java:637)
at org.testng.TestRunner.beforeRun(TestRunner.java:627)
at org.testng.TestRunner.run(TestRunner.java:589)
at org.testng.SuiteRunner.runTest(SuiteRunner.java:377)
at org.testng.SuiteRunner.runSequentially(SuiteRunner.java:371)
at org.testng.SuiteRunner.privateRun(SuiteRunner.java:332)
at org.testng.SuiteRunner.run(SuiteRunner.java:276)
at org.testng.SuiteRunnerWorker.runSuite(SuiteRunnerWorker.java:53)
at org.testng.SuiteRunnerWorker.run(SuiteRunnerWorker.java:96)
at org.testng.TestNG.runSuitesSequentially(TestNG.java:1212)
at org.testng.TestNG.runSuitesLocally(TestNG.java:1134)
at org.testng.TestNG.runSuites(TestNG.java:1063)
at org.testng.TestNG.run(TestNG.java:1031)
at org.testng.remote.AbstractRemoteTestNG.run(AbstractRemoteTestNG.java:115)
at org.testng.remote.RemoteTestNG.initAndRun(RemoteTestNG.java:251)
at org.testng.remote.RemoteTestNG.main(RemoteTestNG.java:77)
]]>
    </error>
  </testcase> <!-- launchBrowser -->
  <system-out/>
  <testcase classname="TestPack.Verifyroomspage2" name="launchBrowser" time="-1666528512.000">
    <error message="
Parameter &#039;Browser&#039; is required by BeforeTest on method launchBrowser but has not been marked @Optional or defined
in C:\Javafullcourse\Maven-02-July\regressionSuit.xml" type="org.testng.TestNGException">
      <![CDATA[org.testng.TestNGException: 
Parameter 'Browser' is required by BeforeTest on method launchBrowser but has not been marked @Optional or defined
in C:\Javafullcourse\Maven-02-July\regressionSuit.xml
at org.testng.internal.Parameters.createParams(Parameters.java:270)
at org.testng.internal.Parameters.createParametersForMethod(Parameters.java:358)
at org.testng.internal.Parameters.createParameters(Parameters.java:700)
at org.testng.internal.Parameters.createConfigurationParameters(Parameters.java:168)
at org.testng.internal.ConfigInvoker.invokeConfigurations(ConfigInvoker.java:302)
at org.testng.TestRunner.invokeTestConfigurations(TestRunner.java:637)
at org.testng.TestRunner.beforeRun(TestRunner.java:627)
at org.testng.TestRunner.run(TestRunner.java:589)
at org.testng.SuiteRunner.runTest(SuiteRunner.java:377)
at org.testng.SuiteRunner.runSequentially(SuiteRunner.java:371)
at org.testng.SuiteRunner.privateRun(SuiteRunner.java:332)
at org.testng.SuiteRunner.run(SuiteRunner.java:276)
at org.testng.SuiteRunnerWorker.runSuite(SuiteRunnerWorker.java:53)
at org.testng.SuiteRunnerWorker.run(SuiteRunnerWorker.java:96)
at org.testng.TestNG.runSuitesSequentially(TestNG.java:1212)
at org.testng.TestNG.runSuitesLocally(TestNG.java:1134)
at org.testng.TestNG.runSuites(TestNG.java:1063)
at org.testng.TestNG.run(TestNG.java:1031)
at org.testng.remote.AbstractRemoteTestNG.run(AbstractRemoteTestNG.java:115)
at org.testng.remote.RemoteTestNG.initAndRun(RemoteTestNG.java:251)
at org.testng.remote.RemoteTestNG.main(RemoteTestNG.java:77)
]]>
    </error>
  </testcase> <!-- launchBrowser -->
  <system-out/>
  <testcase classname="TestPack.Verifyroomspage2" name="verifyToReturnToMessengerButton" time="0.001">
    <skipped/>
  </testcase> <!-- verifyToReturnToMessengerButton -->
  <system-out/>
  <testcase classname="TestPack.Verifyroomspage2" name="verifyGoBackToToHelpCenterButton" time="0.000">
    <skipped/>
  </testcase> <!-- verifyGoBackToToHelpCenterButton -->
  <system-out/>
  <testcase classname="TestPack.Verifyroomspage2" name="verifyGoBackToToHelpCenterButton" time="0.000">
    <skipped/>
  </testcase> <!-- verifyGoBackToToHelpCenterButton -->
  <system-out/>
  <testcase classname="TestPack.Verifyroomspage2" name="verifyGoBackToToHelpCenterButton" time="0.000">
    <skipped/>
  </testcase> <!-- verifyGoBackToToHelpCenterButton -->
  <system-out/>
  <testcase classname="TestPack.Verifyroomspage2" name="launchBrowser" time="-1666528512.000">
    <error message="
Parameter &#039;Browser&#039; is required by BeforeTest on method launchBrowser but has not been marked @Optional or defined
in C:\Javafullcourse\Maven-02-July\regressionSuit.xml" type="org.testng.TestNGException">
      <![CDATA[org.testng.TestNGException: 
Parameter 'Browser' is required by BeforeTest on method launchBrowser but has not been marked @Optional or defined
in C:\Javafullcourse\Maven-02-July\regressionSuit.xml
at org.testng.internal.Parameters.createParams(Parameters.java:270)
at org.testng.internal.Parameters.createParametersForMethod(Parameters.java:358)
at org.testng.internal.Parameters.createParameters(Parameters.java:700)
at org.testng.internal.Parameters.createConfigurationParameters(Parameters.java:168)
at org.testng.internal.ConfigInvoker.invokeConfigurations(ConfigInvoker.java:302)
at org.testng.TestRunner.invokeTestConfigurations(TestRunner.java:637)
at org.testng.TestRunner.beforeRun(TestRunner.java:627)
at org.testng.TestRunner.run(TestRunner.java:589)
at org.testng.SuiteRunner.runTest(SuiteRunner.java:377)
at org.testng.SuiteRunner.runSequentially(SuiteRunner.java:371)
at org.testng.SuiteRunner.privateRun(SuiteRunner.java:332)
at org.testng.SuiteRunner.run(SuiteRunner.java:276)
at org.testng.SuiteRunnerWorker.runSuite(SuiteRunnerWorker.java:53)
at org.testng.SuiteRunnerWorker.run(SuiteRunnerWorker.java:96)
at org.testng.TestNG.runSuitesSequentially(TestNG.java:1212)
at org.testng.TestNG.runSuitesLocally(TestNG.java:1134)
at org.testng.TestNG.runSuites(TestNG.java:1063)
at org.testng.TestNG.run(TestNG.java:1031)
at org.testng.remote.AbstractRemoteTestNG.run(AbstractRemoteTestNG.java:115)
at org.testng.remote.RemoteTestNG.initAndRun(RemoteTestNG.java:251)
at org.testng.remote.RemoteTestNG.main(RemoteTestNG.java:77)
]]>
    </error>
  </testcase> <!-- launchBrowser -->
  <system-out/>
  <testcase classname="TestPack.Verifyroomspage2" name="verifyToReturnToMessengerButton" time="0.000">
    <skipped/>
  </testcase> <!-- verifyToReturnToMessengerButton -->
  <system-out/>
  <testcase classname="TestPack.Verifyroomspage2" name="verifyToReturnToMessengerButton" time="0.000">
    <skipped/>
  </testcase> <!-- verifyToReturnToMessengerButton -->
  <system-out/>
</testsuite> <!-- TestPack.Verifyroomspage2 -->
