<?xml version="1.0" encoding="UTF-8"?>
<!-- Generated by org.testng.reporters.JUnitXMLReporter -->
<testsuite ignored="0" hostname="DESKTOP-PEFDB2S" failures="0" tests="4" name="chromeTest" time="4.668" errors="0" timestamp="2022-10-23T18:05:11 IST">
  <testcase classname="TestPack.Verifyroomspage2" name="@BeforeTest launchBrowser" time="-1.666528510568E9">
    <failure type="org.testng.TestNGException" message="
Parameter &amp;apos;Browser&amp;apos; is required by BeforeTest on method launchBrowser but has not been marked @Optional or defined
in C:\Javafullcourse\Maven-02-July\regressionSuit.xml">
      <![CDATA[org.testng.TestNGException: 
Parameter 'Browser' is required by BeforeTest on method launchBrowser but has not been marked @Optional or defined
in C:\Javafullcourse\Maven-02-July\regressionSuit.xml
... Removed 21 stack frames]]>
    </failure>
  </testcase> <!-- @BeforeTest launchBrowser -->
  <testcase classname="TestPack.Verifyroomspage2" name="@BeforeClass launchBrowser" time="-1.666528510712E9">
    <skipped/>
  </testcase> <!-- @BeforeClass launchBrowser -->
  <testcase classname="TestPack.Verifyroomspage2" name="@BeforeMethod openRoomsPage" time="-1.666528510758E9">
    <skipped/>
  </testcase> <!-- @BeforeMethod openRoomsPage -->
  <testcase classname="TestPack.Verifyroomspage2" name="@AfterMethod logout" time="-1.666528510777E9">
    <skipped/>
  </testcase> <!-- @AfterMethod logout -->
  <testcase classname="TestPack.Verifyroomspage2" name="@BeforeMethod openRoomsPage" time="-1.666528510784E9">
    <skipped/>
  </testcase> <!-- @BeforeMethod openRoomsPage -->
  <testcase classname="TestPack.Verifyroomspage2" name="@AfterMethod logout" time="-1.666528510797E9">
    <skipped/>
  </testcase> <!-- @AfterMethod logout -->
  <testcase classname="TestPack.Verifyroomspage2" name="@AfterClass clearObject" time="-1.666528510802E9">
    <skipped/>
  </testcase> <!-- @AfterClass clearObject -->
  <testcase classname="TestPack.TestNGVerifyFriendsTab" name="@BeforeClass beforeClass" time="-1.666528510817E9">
    <skipped/>
  </testcase> <!-- @BeforeClass beforeClass -->
  <testcase classname="TestPack.TestNGVerifyFriendsTab" name="@BeforeMethod beforeMethod" time="-1.666528510824E9">
    <skipped/>
  </testcase> <!-- @BeforeMethod beforeMethod -->
  <testcase classname="TestPack.TestNGVerifyFriendsTab" name="@AfterMethod afterMethod" time="-1.666528510846E9">
    <skipped/>
  </testcase> <!-- @AfterMethod afterMethod -->
  <testcase classname="TestPack.TestNGVerifyFriendsTab" name="@BeforeMethod beforeMethod" time="-1.666528510879E9">
    <skipped/>
  </testcase> <!-- @BeforeMethod beforeMethod -->
  <testcase classname="TestPack.TestNGVerifyFriendsTab" name="@AfterMethod afterMethod" time="-1.666528510899E9">
    <skipped/>
  </testcase> <!-- @AfterMethod afterMethod -->
  <testcase classname="TestPack.TestNGVerifyFriendsTab" name="@AfterClass afterClass" time="-1.666528510903E9">
    <skipped/>
  </testcase> <!-- @AfterClass afterClass -->
  <testcase classname="TestPack.TestNGVerifyFriendsTab" name="@AfterTest closeBrowser" time="-1.666528510912E9">
    <skipped/>
  </testcase> <!-- @AfterTest closeBrowser -->
  <testcase classname="TestPack.Verifyroomspage2" name="@AfterTest closeBrowser" time="-1.666528510915E9">
    <skipped/>
  </testcase> <!-- @AfterTest closeBrowser -->
  <testcase classname="TestPack.Verifyroomspage2" name="verifyGoBackToToHelpCenterButton" time="0.0">
    <skipped/>
  </testcase> <!-- verifyGoBackToToHelpCenterButton -->
  <testcase classname="TestPack.Verifyroomspage2" name="verifyToReturnToMessengerButton" time="0.0">
    <skipped/>
  </testcase> <!-- verifyToReturnToMessengerButton -->
  <testcase classname="TestPack.TestNGVerifyFriendsTab" name="test1" time="0.0">
    <skipped/>
  </testcase> <!-- test1 -->
  <testcase classname="TestPack.TestNGVerifyFriendsTab" name="test2" time="0.0">
    <skipped/>
  </testcase> <!-- test2 -->
</testsuite> <!-- chromeTest -->
